<?xml version="1.0" encoding="UTF-8"?>
<TestRun id="1ee38411-d863-4231-b294-2ee6b74a0146" name="Kris_He@KRIS_HE-PC 2012-04-19 23:16:23" runUser="Kris_He-PC\Kris_He" xmlns="http://microsoft.com/schemas/VisualStudio/TeamTest/2010">
  <TestSettings name="本地" id="eec6b25f-d3dd-4499-a3e8-cb969736be41">
    <Description>这些设置为本地测试运行的默认测试设置。</Description>
    <Deployment enabled="false" runDeploymentRoot="Kris_He_KRIS_HE-PC 2012-04-19 23_16_23" />
    <Execution>
      <TestTypeSpecific />
      <AgentRule name="Execution Agents">
      </AgentRule>
    </Execution>
  </TestSettings>
  <Times creation="2012-04-19T23:16:23.3232421+08:00" queuing="2012-04-19T23:16:24.0332031+08:00" start="2012-04-19T23:16:24.1298828+08:00" finish="2012-04-19T23:16:24.1660156+08:00" />
  <ResultSummary outcome="NotRunnable">
    <Counters total="11" error="0" failed="0" timeout="0" aborted="0" inconclusive="0" passedButRunAborted="0" notRunnable="11" notExecuted="0" disconnected="0" warning="0" passed="0" completed="0" inProgress="0" pending="0" />
  </ResultSummary>
  <TestDefinitions>
    <UnitTest name="TestSimpleSpare" storage="d:\0a学习\敏捷开发\bowlinggametest\bowlinggametest\bin\debug\bowlinggametest.dll" id="49c2cf70-c55b-6fe1-0748-e24b3fac3b18">
      <Execution id="7d29e227-7517-4d32-af0b-60730cf6a7fc" />
      <TestMethod codeBase="D:/0A学习/敏捷开发/BowlingGameTest/BowlingGameTest/bin/Debug/BowlingGameTest.DLL" adapterTypeName="Microsoft.VisualStudio.TestTools.TestTypes.Unit.UnitTestAdapter, Microsoft.VisualStudio.QualityTools.Tips.UnitTest.Adapter, Version=10.0.0.0, Culture=neutral, PublicKeyToken=b03f5f7f11d50a3a" className="BowlingGameTest.GameTest, BowlingGameTest, Version=1.0.0.0, Culture=neutral, PublicKeyToken=null" name="TestSimpleSpare" />
    </UnitTest>
    <UnitTest name="TestSimpleFrameAfterSpare" storage="d:\0a学习\敏捷开发\bowlinggametest\bowlinggametest\bin\debug\bowlinggametest.dll" id="ea37382a-e229-0f26-f638-61865c6375fb">
      <Execution id="d5b26d5a-4e50-4e10-881d-9db0cbb484a4" />
      <TestMethod codeBase="D:/0A学习/敏捷开发/BowlingGameTest/BowlingGameTest/bin/Debug/BowlingGameTest.DLL" adapterTypeName="Microsoft.VisualStudio.TestTools.TestTypes.Unit.UnitTestAdapter, Microsoft.VisualStudio.QualityTools.Tips.UnitTest.Adapter, Version=10.0.0.0, Culture=neutral, PublicKeyToken=b03f5f7f11d50a3a" className="BowlingGameTest.GameTest, BowlingGameTest, Version=1.0.0.0, Culture=neutral, PublicKeyToken=null" name="TestSimpleFrameAfterSpare" />
    </UnitTest>
    <UnitTest name="TestFourThrowsNoMark" storage="d:\0a学习\敏捷开发\bowlinggametest\bowlinggametest\bin\debug\bowlinggametest.dll" id="e69f4d91-862d-4c1f-8ce8-ac18c91b1046">
      <Execution id="218c02a3-1402-4944-8db8-f409aad0c88f" />
      <TestMethod codeBase="D:/0A学习/敏捷开发/BowlingGameTest/BowlingGameTest/bin/Debug/BowlingGameTest.DLL" adapterTypeName="Microsoft.VisualStudio.TestTools.TestTypes.Unit.UnitTestAdapter, Microsoft.VisualStudio.QualityTools.Tips.UnitTest.Adapter, Version=10.0.0.0, Culture=neutral, PublicKeyToken=b03f5f7f11d50a3a" className="BowlingGameTest.GameTest, BowlingGameTest, Version=1.0.0.0, Culture=neutral, PublicKeyToken=null" name="TestFourThrowsNoMark" />
    </UnitTest>
    <UnitTest name="SetUp" storage="d:\0a学习\敏捷开发\bowlinggametest\bowlinggametest\bin\debug\bowlinggametest.dll" id="08761f86-e384-fad5-7621-96b310268d95">
      <Execution id="4938c40c-5133-4d93-aa8e-3d86437d67ca" />
      <TestMethod codeBase="D:/0A学习/敏捷开发/BowlingGameTest/BowlingGameTest/bin/Debug/BowlingGameTest.DLL" adapterTypeName="Microsoft.VisualStudio.TestTools.TestTypes.Unit.UnitTestAdapter, Microsoft.VisualStudio.QualityTools.Tips.UnitTest.Adapter, Version=10.0.0.0, Culture=neutral, PublicKeyToken=b03f5f7f11d50a3a" className="BowlingGameTest.GameTest, BowlingGameTest, Version=1.0.0.0, Culture=neutral, PublicKeyToken=null" name="SetUp" />
    </UnitTest>
    <UnitTest name="TestPerfectGame" storage="d:\0a学习\敏捷开发\bowlinggametest\bowlinggametest\bin\debug\bowlinggametest.dll" id="d53c23bd-c3db-48d3-56fa-aec315209313">
      <Execution id="21de3b9c-56c0-4f74-9047-1d46a10b61e9" />
      <TestMethod codeBase="D:/0A学习/敏捷开发/BowlingGameTest/BowlingGameTest/bin/Debug/BowlingGameTest.DLL" adapterTypeName="Microsoft.VisualStudio.TestTools.TestTypes.Unit.UnitTestAdapter, Microsoft.VisualStudio.QualityTools.Tips.UnitTest.Adapter, Version=10.0.0.0, Culture=neutral, PublicKeyToken=b03f5f7f11d50a3a" className="BowlingGameTest.GameTest, BowlingGameTest, Version=1.0.0.0, Culture=neutral, PublicKeyToken=null" name="TestPerfectGame" />
    </UnitTest>
    <UnitTest name="TestTwoThrowsNoMark" storage="d:\0a学习\敏捷开发\bowlinggametest\bowlinggametest\bin\debug\bowlinggametest.dll" id="f410da72-b70b-fdf1-23b3-19d130f30e63">
      <Execution id="63af5c09-1518-4f95-b721-acf9b62ef6e3" />
      <TestMethod codeBase="D:/0A学习/敏捷开发/BowlingGameTest/BowlingGameTest/bin/Debug/BowlingGameTest.DLL" adapterTypeName="Microsoft.VisualStudio.TestTools.TestTypes.Unit.UnitTestAdapter, Microsoft.VisualStudio.QualityTools.Tips.UnitTest.Adapter, Version=10.0.0.0, Culture=neutral, PublicKeyToken=b03f5f7f11d50a3a" className="BowlingGameTest.GameTest, BowlingGameTest, Version=1.0.0.0, Culture=neutral, PublicKeyToken=null" name="TestTwoThrowsNoMark" />
    </UnitTest>
    <UnitTest name="TestHeartBreak" storage="d:\0a学习\敏捷开发\bowlinggametest\bowlinggametest\bin\debug\bowlinggametest.dll" id="560cf12a-b6af-52af-1b55-0b7afd85ec3f">
      <Execution id="c1d9dd9d-b54a-4b12-b870-9b11b98299c5" />
      <TestMethod codeBase="D:/0A学习/敏捷开发/BowlingGameTest/BowlingGameTest/bin/Debug/BowlingGameTest.DLL" adapterTypeName="Microsoft.VisualStudio.TestTools.TestTypes.Unit.UnitTestAdapter, Microsoft.VisualStudio.QualityTools.Tips.UnitTest.Adapter, Version=10.0.0.0, Culture=neutral, PublicKeyToken=b03f5f7f11d50a3a" className="BowlingGameTest.GameTest, BowlingGameTest, Version=1.0.0.0, Culture=neutral, PublicKeyToken=null" name="TestHeartBreak" />
    </UnitTest>
    <UnitTest name="TestSimpleStrike" storage="d:\0a学习\敏捷开发\bowlinggametest\bowlinggametest\bin\debug\bowlinggametest.dll" id="a51fe5dc-4b6f-f220-54b6-19337e28f5e4">
      <Execution id="af7daf4e-c6b3-42b2-8ac7-82201ab033dc" />
      <TestMethod codeBase="D:/0A学习/敏捷开发/BowlingGameTest/BowlingGameTest/bin/Debug/BowlingGameTest.DLL" adapterTypeName="Microsoft.VisualStudio.TestTools.TestTypes.Unit.UnitTestAdapter, Microsoft.VisualStudio.QualityTools.Tips.UnitTest.Adapter, Version=10.0.0.0, Culture=neutral, PublicKeyToken=b03f5f7f11d50a3a" className="BowlingGameTest.GameTest, BowlingGameTest, Version=1.0.0.0, Culture=neutral, PublicKeyToken=null" name="TestSimpleStrike" />
    </UnitTest>
    <UnitTest name="TestSampleGame" storage="d:\0a学习\敏捷开发\bowlinggametest\bowlinggametest\bin\debug\bowlinggametest.dll" id="4a71f6df-a40d-72ce-b695-3152fe11c7e6">
      <Execution id="c56e8cb2-9fdd-4309-8733-653e0703a6b2" />
      <TestMethod codeBase="D:/0A学习/敏捷开发/BowlingGameTest/BowlingGameTest/bin/Debug/BowlingGameTest.DLL" adapterTypeName="Microsoft.VisualStudio.TestTools.TestTypes.Unit.UnitTestAdapter, Microsoft.VisualStudio.QualityTools.Tips.UnitTest.Adapter, Version=10.0.0.0, Culture=neutral, PublicKeyToken=b03f5f7f11d50a3a" className="BowlingGameTest.GameTest, BowlingGameTest, Version=1.0.0.0, Culture=neutral, PublicKeyToken=null" name="TestSampleGame" />
    </UnitTest>
    <UnitTest name="TestEndOfArray" storage="d:\0a学习\敏捷开发\bowlinggametest\bowlinggametest\bin\debug\bowlinggametest.dll" id="cdf8eefe-12a3-d707-3154-f2165fcb988e">
      <Execution id="2162934a-a366-43e6-bcce-c24ca90ac899" />
      <TestMethod codeBase="D:/0A学习/敏捷开发/BowlingGameTest/BowlingGameTest/bin/Debug/BowlingGameTest.DLL" adapterTypeName="Microsoft.VisualStudio.TestTools.TestTypes.Unit.UnitTestAdapter, Microsoft.VisualStudio.QualityTools.Tips.UnitTest.Adapter, Version=10.0.0.0, Culture=neutral, PublicKeyToken=b03f5f7f11d50a3a" className="BowlingGameTest.GameTest, BowlingGameTest, Version=1.0.0.0, Culture=neutral, PublicKeyToken=null" name="TestEndOfArray" />
    </UnitTest>
    <UnitTest name="TestTenthFrameSpare" storage="d:\0a学习\敏捷开发\bowlinggametest\bowlinggametest\bin\debug\bowlinggametest.dll" id="e3a5d2b2-7e7b-8adf-f47b-48c284782eca">
      <Execution id="19c42b93-241a-45c6-9dec-6949d58cd4db" />
      <TestMethod codeBase="D:/0A学习/敏捷开发/BowlingGameTest/BowlingGameTest/bin/Debug/BowlingGameTest.DLL" adapterTypeName="Microsoft.VisualStudio.TestTools.TestTypes.Unit.UnitTestAdapter, Microsoft.VisualStudio.QualityTools.Tips.UnitTest.Adapter, Version=10.0.0.0, Culture=neutral, PublicKeyToken=b03f5f7f11d50a3a" className="BowlingGameTest.GameTest, BowlingGameTest, Version=1.0.0.0, Culture=neutral, PublicKeyToken=null" name="TestTenthFrameSpare" />
    </UnitTest>
  </TestDefinitions>
  <TestLists>
    <TestList name="列表中未列出的结果" id="8c84fa94-04c1-424b-9868-57a2d4851a1d" />
    <TestList name="所有已加载的结果" id="19431567-8539-422a-85d7-44ee4e166bda" />
  </TestLists>
  <TestEntries>
    <TestEntry testId="08761f86-e384-fad5-7621-96b310268d95" executionId="4938c40c-5133-4d93-aa8e-3d86437d67ca" testListId="8c84fa94-04c1-424b-9868-57a2d4851a1d" />
    <TestEntry testId="49c2cf70-c55b-6fe1-0748-e24b3fac3b18" executionId="7d29e227-7517-4d32-af0b-60730cf6a7fc" testListId="8c84fa94-04c1-424b-9868-57a2d4851a1d" />
    <TestEntry testId="4a71f6df-a40d-72ce-b695-3152fe11c7e6" executionId="c56e8cb2-9fdd-4309-8733-653e0703a6b2" testListId="8c84fa94-04c1-424b-9868-57a2d4851a1d" />
    <TestEntry testId="560cf12a-b6af-52af-1b55-0b7afd85ec3f" executionId="c1d9dd9d-b54a-4b12-b870-9b11b98299c5" testListId="8c84fa94-04c1-424b-9868-57a2d4851a1d" />
    <TestEntry testId="a51fe5dc-4b6f-f220-54b6-19337e28f5e4" executionId="af7daf4e-c6b3-42b2-8ac7-82201ab033dc" testListId="8c84fa94-04c1-424b-9868-57a2d4851a1d" />
    <TestEntry testId="cdf8eefe-12a3-d707-3154-f2165fcb988e" executionId="2162934a-a366-43e6-bcce-c24ca90ac899" testListId="8c84fa94-04c1-424b-9868-57a2d4851a1d" />
    <TestEntry testId="d53c23bd-c3db-48d3-56fa-aec315209313" executionId="21de3b9c-56c0-4f74-9047-1d46a10b61e9" testListId="8c84fa94-04c1-424b-9868-57a2d4851a1d" />
    <TestEntry testId="e3a5d2b2-7e7b-8adf-f47b-48c284782eca" executionId="19c42b93-241a-45c6-9dec-6949d58cd4db" testListId="8c84fa94-04c1-424b-9868-57a2d4851a1d" />
    <TestEntry testId="e69f4d91-862d-4c1f-8ce8-ac18c91b1046" executionId="218c02a3-1402-4944-8db8-f409aad0c88f" testListId="8c84fa94-04c1-424b-9868-57a2d4851a1d" />
    <TestEntry testId="ea37382a-e229-0f26-f638-61865c6375fb" executionId="d5b26d5a-4e50-4e10-881d-9db0cbb484a4" testListId="8c84fa94-04c1-424b-9868-57a2d4851a1d" />
    <TestEntry testId="f410da72-b70b-fdf1-23b3-19d130f30e63" executionId="63af5c09-1518-4f95-b721-acf9b62ef6e3" testListId="8c84fa94-04c1-424b-9868-57a2d4851a1d" />
  </TestEntries>
  <Results>
    <UnitTestResult executionId="4938c40c-5133-4d93-aa8e-3d86437d67ca" testId="08761f86-e384-fad5-7621-96b310268d95" testName="SetUp" computerName="KRIS_HE-PC" testType="13cdc9d9-ddb5-4fa4-a97d-d965ccfc6d4b" outcome="NotRunnable" testListId="8c84fa94-04c1-424b-9868-57a2d4851a1d" relativeResultsDirectory="4938c40c-5133-4d93-aa8e-3d86437d67ca">
      <Output>
        <ErrorInfo>
          <Message>UTA004: 在 BowlingGameTest.GameTest.SetUp 上非法使用了特性。只能在用 TestClass 特性标记的类的内部定义 TestMethodAttribute。</Message>
        </ErrorInfo>
      </Output>
    </UnitTestResult>
    <UnitTestResult executionId="7d29e227-7517-4d32-af0b-60730cf6a7fc" testId="49c2cf70-c55b-6fe1-0748-e24b3fac3b18" testName="TestSimpleSpare" computerName="KRIS_HE-PC" testType="13cdc9d9-ddb5-4fa4-a97d-d965ccfc6d4b" outcome="NotRunnable" testListId="8c84fa94-04c1-424b-9868-57a2d4851a1d" relativeResultsDirectory="7d29e227-7517-4d32-af0b-60730cf6a7fc">
      <Output>
        <ErrorInfo>
          <Message>UTA004: 在 BowlingGameTest.GameTest.TestSimpleSpare 上非法使用了特性。只能在用 TestClass 特性标记的类的内部定义 TestMethodAttribute。</Message>
        </ErrorInfo>
      </Output>
    </UnitTestResult>
    <UnitTestResult executionId="c56e8cb2-9fdd-4309-8733-653e0703a6b2" testId="4a71f6df-a40d-72ce-b695-3152fe11c7e6" testName="TestSampleGame" computerName="KRIS_HE-PC" testType="13cdc9d9-ddb5-4fa4-a97d-d965ccfc6d4b" outcome="NotRunnable" testListId="8c84fa94-04c1-424b-9868-57a2d4851a1d" relativeResultsDirectory="c56e8cb2-9fdd-4309-8733-653e0703a6b2">
      <Output>
        <ErrorInfo>
          <Message>UTA004: 在 BowlingGameTest.GameTest.TestSampleGame 上非法使用了特性。只能在用 TestClass 特性标记的类的内部定义 TestMethodAttribute。</Message>
        </ErrorInfo>
      </Output>
    </UnitTestResult>
    <UnitTestResult executionId="c1d9dd9d-b54a-4b12-b870-9b11b98299c5" testId="560cf12a-b6af-52af-1b55-0b7afd85ec3f" testName="TestHeartBreak" computerName="KRIS_HE-PC" testType="13cdc9d9-ddb5-4fa4-a97d-d965ccfc6d4b" outcome="NotRunnable" testListId="8c84fa94-04c1-424b-9868-57a2d4851a1d" relativeResultsDirectory="c1d9dd9d-b54a-4b12-b870-9b11b98299c5">
      <Output>
        <ErrorInfo>
          <Message>UTA004: 在 BowlingGameTest.GameTest.TestHeartBreak 上非法使用了特性。只能在用 TestClass 特性标记的类的内部定义 TestMethodAttribute。</Message>
        </ErrorInfo>
      </Output>
    </UnitTestResult>
    <UnitTestResult executionId="af7daf4e-c6b3-42b2-8ac7-82201ab033dc" testId="a51fe5dc-4b6f-f220-54b6-19337e28f5e4" testName="TestSimpleStrike" computerName="KRIS_HE-PC" testType="13cdc9d9-ddb5-4fa4-a97d-d965ccfc6d4b" outcome="NotRunnable" testListId="8c84fa94-04c1-424b-9868-57a2d4851a1d" relativeResultsDirectory="af7daf4e-c6b3-42b2-8ac7-82201ab033dc">
      <Output>
        <ErrorInfo>
          <Message>UTA004: 在 BowlingGameTest.GameTest.TestSimpleStrike 上非法使用了特性。只能在用 TestClass 特性标记的类的内部定义 TestMethodAttribute。</Message>
        </ErrorInfo>
      </Output>
    </UnitTestResult>
    <UnitTestResult executionId="2162934a-a366-43e6-bcce-c24ca90ac899" testId="cdf8eefe-12a3-d707-3154-f2165fcb988e" testName="TestEndOfArray" computerName="KRIS_HE-PC" testType="13cdc9d9-ddb5-4fa4-a97d-d965ccfc6d4b" outcome="NotRunnable" testListId="8c84fa94-04c1-424b-9868-57a2d4851a1d" relativeResultsDirectory="2162934a-a366-43e6-bcce-c24ca90ac899">
      <Output>
        <ErrorInfo>
          <Message>UTA004: 在 BowlingGameTest.GameTest.TestEndOfArray 上非法使用了特性。只能在用 TestClass 特性标记的类的内部定义 TestMethodAttribute。</Message>
        </ErrorInfo>
      </Output>
    </UnitTestResult>
    <UnitTestResult executionId="21de3b9c-56c0-4f74-9047-1d46a10b61e9" testId="d53c23bd-c3db-48d3-56fa-aec315209313" testName="TestPerfectGame" computerName="KRIS_HE-PC" testType="13cdc9d9-ddb5-4fa4-a97d-d965ccfc6d4b" outcome="NotRunnable" testListId="8c84fa94-04c1-424b-9868-57a2d4851a1d" relativeResultsDirectory="21de3b9c-56c0-4f74-9047-1d46a10b61e9">
      <Output>
        <ErrorInfo>
          <Message>UTA004: 在 BowlingGameTest.GameTest.TestPerfectGame 上非法使用了特性。只能在用 TestClass 特性标记的类的内部定义 TestMethodAttribute。</Message>
        </ErrorInfo>
      </Output>
    </UnitTestResult>
    <UnitTestResult executionId="19c42b93-241a-45c6-9dec-6949d58cd4db" testId="e3a5d2b2-7e7b-8adf-f47b-48c284782eca" testName="TestTenthFrameSpare" computerName="KRIS_HE-PC" testType="13cdc9d9-ddb5-4fa4-a97d-d965ccfc6d4b" outcome="NotRunnable" testListId="8c84fa94-04c1-424b-9868-57a2d4851a1d" relativeResultsDirectory="19c42b93-241a-45c6-9dec-6949d58cd4db">
      <Output>
        <ErrorInfo>
          <Message>UTA004: 在 BowlingGameTest.GameTest.TestTenthFrameSpare 上非法使用了特性。只能在用 TestClass 特性标记的类的内部定义 TestMethodAttribute。</Message>
        </ErrorInfo>
      </Output>
    </UnitTestResult>
    <UnitTestResult executionId="218c02a3-1402-4944-8db8-f409aad0c88f" testId="e69f4d91-862d-4c1f-8ce8-ac18c91b1046" testName="TestFourThrowsNoMark" computerName="KRIS_HE-PC" testType="13cdc9d9-ddb5-4fa4-a97d-d965ccfc6d4b" outcome="NotRunnable" testListId="8c84fa94-04c1-424b-9868-57a2d4851a1d" relativeResultsDirectory="218c02a3-1402-4944-8db8-f409aad0c88f">
      <Output>
        <ErrorInfo>
          <Message>UTA004: 在 BowlingGameTest.GameTest.TestFourThrowsNoMark 上非法使用了特性。只能在用 TestClass 特性标记的类的内部定义 TestMethodAttribute。</Message>
        </ErrorInfo>
      </Output>
    </UnitTestResult>
    <UnitTestResult executionId="d5b26d5a-4e50-4e10-881d-9db0cbb484a4" testId="ea37382a-e229-0f26-f638-61865c6375fb" testName="TestSimpleFrameAfterSpare" computerName="KRIS_HE-PC" testType="13cdc9d9-ddb5-4fa4-a97d-d965ccfc6d4b" outcome="NotRunnable" testListId="8c84fa94-04c1-424b-9868-57a2d4851a1d" relativeResultsDirectory="d5b26d5a-4e50-4e10-881d-9db0cbb484a4">
      <Output>
        <ErrorInfo>
          <Message>UTA004: 在 BowlingGameTest.GameTest.TestSimpleFrameAfterSpare 上非法使用了特性。只能在用 TestClass 特性标记的类的内部定义 TestMethodAttribute。</Message>
        </ErrorInfo>
      </Output>
    </UnitTestResult>
    <UnitTestResult executionId="63af5c09-1518-4f95-b721-acf9b62ef6e3" testId="f410da72-b70b-fdf1-23b3-19d130f30e63" testName="TestTwoThrowsNoMark" computerName="KRIS_HE-PC" testType="13cdc9d9-ddb5-4fa4-a97d-d965ccfc6d4b" outcome="NotRunnable" testListId="8c84fa94-04c1-424b-9868-57a2d4851a1d" relativeResultsDirectory="63af5c09-1518-4f95-b721-acf9b62ef6e3">
      <Output>
        <ErrorInfo>
          <Message>UTA004: 在 BowlingGameTest.GameTest.TestTwoThrowsNoMark 上非法使用了特性。只能在用 TestClass 特性标记的类的内部定义 TestMethodAttribute。</Message>
        </ErrorInfo>
      </Output>
    </UnitTestResult>
  </Results>
</TestRun>