<?xml version="1.0" encoding="UTF-8"?>
<TestRun id="50af6524-341c-403b-9788-1b0ab7f28036" name="Kris_He@KRIS_HE-PC 2012-04-19 23:17:24" runUser="Kris_He-PC\Kris_He" xmlns="http://microsoft.com/schemas/VisualStudio/TeamTest/2010">
  <TestSettings name="本地" id="eec6b25f-d3dd-4499-a3e8-cb969736be41">
    <Description>这些设置为本地测试运行的默认测试设置。</Description>
    <Deployment enabled="false" runDeploymentRoot="Kris_He_KRIS_HE-PC 2012-04-19 23_17_24" />
    <Execution>
      <TestTypeSpecific />
      <AgentRule name="Execution Agents">
      </AgentRule>
    </Execution>
  </TestSettings>
  <Times creation="2012-04-19T23:17:24.4560546+08:00" queuing="2012-04-19T23:17:24.5419921+08:00" start="2012-04-19T23:17:24.5957031+08:00" finish="2012-04-19T23:17:26.9189453+08:00" />
  <ResultSummary outcome="Failed">
    <Counters total="11" executed="11" passed="9" error="0" failed="2" timeout="0" aborted="0" inconclusive="0" passedButRunAborted="0" notRunnable="0" notExecuted="0" disconnected="0" warning="0" completed="0" inProgress="0" pending="0" />
  </ResultSummary>
  <TestDefinitions>
    <UnitTest name="TestSimpleSpare" storage="d:\0a学习\敏捷开发\bowlinggametest\bowlinggametest\bin\debug\bowlinggametest.dll" id="49c2cf70-c55b-6fe1-0748-e24b3fac3b18">
      <Execution id="403e10e8-1b0c-424f-b839-5bc66e749075" />
      <TestMethod codeBase="D:/0A学习/敏捷开发/BowlingGameTest/BowlingGameTest/bin/Debug/BowlingGameTest.DLL" adapterTypeName="Microsoft.VisualStudio.TestTools.TestTypes.Unit.UnitTestAdapter, Microsoft.VisualStudio.QualityTools.Tips.UnitTest.Adapter, Version=10.0.0.0, Culture=neutral, PublicKeyToken=b03f5f7f11d50a3a" className="BowlingGameTest.GameTest, BowlingGameTest, Version=1.0.0.0, Culture=neutral, PublicKeyToken=null" name="TestSimpleSpare" />
    </UnitTest>
    <UnitTest name="TestSimpleFrameAfterSpare" storage="d:\0a学习\敏捷开发\bowlinggametest\bowlinggametest\bin\debug\bowlinggametest.dll" id="ea37382a-e229-0f26-f638-61865c6375fb">
      <Execution id="f1246215-ce37-4ec4-96ae-50e1f1646e0b" />
      <TestMethod codeBase="D:/0A学习/敏捷开发/BowlingGameTest/BowlingGameTest/bin/Debug/BowlingGameTest.DLL" adapterTypeName="Microsoft.VisualStudio.TestTools.TestTypes.Unit.UnitTestAdapter, Microsoft.VisualStudio.QualityTools.Tips.UnitTest.Adapter, Version=10.0.0.0, Culture=neutral, PublicKeyToken=b03f5f7f11d50a3a" className="BowlingGameTest.GameTest, BowlingGameTest, Version=1.0.0.0, Culture=neutral, PublicKeyToken=null" name="TestSimpleFrameAfterSpare" />
    </UnitTest>
    <UnitTest name="TestFourThrowsNoMark" storage="d:\0a学习\敏捷开发\bowlinggametest\bowlinggametest\bin\debug\bowlinggametest.dll" id="e69f4d91-862d-4c1f-8ce8-ac18c91b1046">
      <Execution id="185f0c8e-cfc7-427b-a736-b9c0f27c0365" />
      <TestMethod codeBase="D:/0A学习/敏捷开发/BowlingGameTest/BowlingGameTest/bin/Debug/BowlingGameTest.DLL" adapterTypeName="Microsoft.VisualStudio.TestTools.TestTypes.Unit.UnitTestAdapter, Microsoft.VisualStudio.QualityTools.Tips.UnitTest.Adapter, Version=10.0.0.0, Culture=neutral, PublicKeyToken=b03f5f7f11d50a3a" className="BowlingGameTest.GameTest, BowlingGameTest, Version=1.0.0.0, Culture=neutral, PublicKeyToken=null" name="TestFourThrowsNoMark" />
    </UnitTest>
    <UnitTest name="SetUp" storage="d:\0a学习\敏捷开发\bowlinggametest\bowlinggametest\bin\debug\bowlinggametest.dll" id="08761f86-e384-fad5-7621-96b310268d95">
      <Execution id="ad0c7a0d-c003-4ab1-aed8-5cff766f61d5" />
      <TestMethod codeBase="D:/0A学习/敏捷开发/BowlingGameTest/BowlingGameTest/bin/Debug/BowlingGameTest.DLL" adapterTypeName="Microsoft.VisualStudio.TestTools.TestTypes.Unit.UnitTestAdapter, Microsoft.VisualStudio.QualityTools.Tips.UnitTest.Adapter, Version=10.0.0.0, Culture=neutral, PublicKeyToken=b03f5f7f11d50a3a" className="BowlingGameTest.GameTest, BowlingGameTest, Version=1.0.0.0, Culture=neutral, PublicKeyToken=null" name="SetUp" />
    </UnitTest>
    <UnitTest name="TestPerfectGame" storage="d:\0a学习\敏捷开发\bowlinggametest\bowlinggametest\bin\debug\bowlinggametest.dll" id="d53c23bd-c3db-48d3-56fa-aec315209313">
      <Execution id="0695c8b8-4c10-47c7-a10a-9b5b941c76d9" />
      <TestMethod codeBase="D:/0A学习/敏捷开发/BowlingGameTest/BowlingGameTest/bin/Debug/BowlingGameTest.DLL" adapterTypeName="Microsoft.VisualStudio.TestTools.TestTypes.Unit.UnitTestAdapter, Microsoft.VisualStudio.QualityTools.Tips.UnitTest.Adapter, Version=10.0.0.0, Culture=neutral, PublicKeyToken=b03f5f7f11d50a3a" className="BowlingGameTest.GameTest, BowlingGameTest, Version=1.0.0.0, Culture=neutral, PublicKeyToken=null" name="TestPerfectGame" />
    </UnitTest>
    <UnitTest name="TestTwoThrowsNoMark" storage="d:\0a学习\敏捷开发\bowlinggametest\bowlinggametest\bin\debug\bowlinggametest.dll" id="f410da72-b70b-fdf1-23b3-19d130f30e63">
      <Execution id="402d13eb-f9b3-4cae-a38c-d14a63bf3576" />
      <TestMethod codeBase="D:/0A学习/敏捷开发/BowlingGameTest/BowlingGameTest/bin/Debug/BowlingGameTest.DLL" adapterTypeName="Microsoft.VisualStudio.TestTools.TestTypes.Unit.UnitTestAdapter, Microsoft.VisualStudio.QualityTools.Tips.UnitTest.Adapter, Version=10.0.0.0, Culture=neutral, PublicKeyToken=b03f5f7f11d50a3a" className="BowlingGameTest.GameTest, BowlingGameTest, Version=1.0.0.0, Culture=neutral, PublicKeyToken=null" name="TestTwoThrowsNoMark" />
    </UnitTest>
    <UnitTest name="TestHeartBreak" storage="d:\0a学习\敏捷开发\bowlinggametest\bowlinggametest\bin\debug\bowlinggametest.dll" id="560cf12a-b6af-52af-1b55-0b7afd85ec3f">
      <Execution id="cce987e9-a04c-4017-8a4c-8d8f69384ae1" />
      <TestMethod codeBase="D:/0A学习/敏捷开发/BowlingGameTest/BowlingGameTest/bin/Debug/BowlingGameTest.DLL" adapterTypeName="Microsoft.VisualStudio.TestTools.TestTypes.Unit.UnitTestAdapter, Microsoft.VisualStudio.QualityTools.Tips.UnitTest.Adapter, Version=10.0.0.0, Culture=neutral, PublicKeyToken=b03f5f7f11d50a3a" className="BowlingGameTest.GameTest, BowlingGameTest, Version=1.0.0.0, Culture=neutral, PublicKeyToken=null" name="TestHeartBreak" />
    </UnitTest>
    <UnitTest name="TestSimpleStrike" storage="d:\0a学习\敏捷开发\bowlinggametest\bowlinggametest\bin\debug\bowlinggametest.dll" id="a51fe5dc-4b6f-f220-54b6-19337e28f5e4">
      <Execution id="82031536-8a57-4592-bf1b-7825062f8e59" />
      <TestMethod codeBase="D:/0A学习/敏捷开发/BowlingGameTest/BowlingGameTest/bin/Debug/BowlingGameTest.DLL" adapterTypeName="Microsoft.VisualStudio.TestTools.TestTypes.Unit.UnitTestAdapter, Microsoft.VisualStudio.QualityTools.Tips.UnitTest.Adapter, Version=10.0.0.0, Culture=neutral, PublicKeyToken=b03f5f7f11d50a3a" className="BowlingGameTest.GameTest, BowlingGameTest, Version=1.0.0.0, Culture=neutral, PublicKeyToken=null" name="TestSimpleStrike" />
    </UnitTest>
    <UnitTest name="TestSampleGame" storage="d:\0a学习\敏捷开发\bowlinggametest\bowlinggametest\bin\debug\bowlinggametest.dll" id="4a71f6df-a40d-72ce-b695-3152fe11c7e6">
      <Execution id="b50f0498-3cb1-4985-a329-b9c3916680e1" />
      <TestMethod codeBase="D:/0A学习/敏捷开发/BowlingGameTest/BowlingGameTest/bin/Debug/BowlingGameTest.DLL" adapterTypeName="Microsoft.VisualStudio.TestTools.TestTypes.Unit.UnitTestAdapter, Microsoft.VisualStudio.QualityTools.Tips.UnitTest.Adapter, Version=10.0.0.0, Culture=neutral, PublicKeyToken=b03f5f7f11d50a3a" className="BowlingGameTest.GameTest, BowlingGameTest, Version=1.0.0.0, Culture=neutral, PublicKeyToken=null" name="TestSampleGame" />
    </UnitTest>
    <UnitTest name="TestEndOfArray" storage="d:\0a学习\敏捷开发\bowlinggametest\bowlinggametest\bin\debug\bowlinggametest.dll" id="cdf8eefe-12a3-d707-3154-f2165fcb988e">
      <Execution id="80ddf31f-d00d-4c46-8a7f-ca4608be3dc1" />
      <TestMethod codeBase="D:/0A学习/敏捷开发/BowlingGameTest/BowlingGameTest/bin/Debug/BowlingGameTest.DLL" adapterTypeName="Microsoft.VisualStudio.TestTools.TestTypes.Unit.UnitTestAdapter, Microsoft.VisualStudio.QualityTools.Tips.UnitTest.Adapter, Version=10.0.0.0, Culture=neutral, PublicKeyToken=b03f5f7f11d50a3a" className="BowlingGameTest.GameTest, BowlingGameTest, Version=1.0.0.0, Culture=neutral, PublicKeyToken=null" name="TestEndOfArray" />
    </UnitTest>
    <UnitTest name="TestTenthFrameSpare" storage="d:\0a学习\敏捷开发\bowlinggametest\bowlinggametest\bin\debug\bowlinggametest.dll" id="e3a5d2b2-7e7b-8adf-f47b-48c284782eca">
      <Execution id="cd0e11ba-78b6-4405-acbf-4a3a41989be0" />
      <TestMethod codeBase="D:/0A学习/敏捷开发/BowlingGameTest/BowlingGameTest/bin/Debug/BowlingGameTest.DLL" adapterTypeName="Microsoft.VisualStudio.TestTools.TestTypes.Unit.UnitTestAdapter, Microsoft.VisualStudio.QualityTools.Tips.UnitTest.Adapter, Version=10.0.0.0, Culture=neutral, PublicKeyToken=b03f5f7f11d50a3a" className="BowlingGameTest.GameTest, BowlingGameTest, Version=1.0.0.0, Culture=neutral, PublicKeyToken=null" name="TestTenthFrameSpare" />
    </UnitTest>
  </TestDefinitions>
  <TestLists>
    <TestList name="列表中未列出的结果" id="8c84fa94-04c1-424b-9868-57a2d4851a1d" />
    <TestList name="所有已加载的结果" id="19431567-8539-422a-85d7-44ee4e166bda" />
  </TestLists>
  <TestEntries>
    <TestEntry testId="08761f86-e384-fad5-7621-96b310268d95" executionId="ad0c7a0d-c003-4ab1-aed8-5cff766f61d5" testListId="8c84fa94-04c1-424b-9868-57a2d4851a1d" />
    <TestEntry testId="49c2cf70-c55b-6fe1-0748-e24b3fac3b18" executionId="403e10e8-1b0c-424f-b839-5bc66e749075" testListId="8c84fa94-04c1-424b-9868-57a2d4851a1d" />
    <TestEntry testId="4a71f6df-a40d-72ce-b695-3152fe11c7e6" executionId="b50f0498-3cb1-4985-a329-b9c3916680e1" testListId="8c84fa94-04c1-424b-9868-57a2d4851a1d" />
    <TestEntry testId="560cf12a-b6af-52af-1b55-0b7afd85ec3f" executionId="cce987e9-a04c-4017-8a4c-8d8f69384ae1" testListId="8c84fa94-04c1-424b-9868-57a2d4851a1d" />
    <TestEntry testId="a51fe5dc-4b6f-f220-54b6-19337e28f5e4" executionId="82031536-8a57-4592-bf1b-7825062f8e59" testListId="8c84fa94-04c1-424b-9868-57a2d4851a1d" />
    <TestEntry testId="cdf8eefe-12a3-d707-3154-f2165fcb988e" executionId="80ddf31f-d00d-4c46-8a7f-ca4608be3dc1" testListId="8c84fa94-04c1-424b-9868-57a2d4851a1d" />
    <TestEntry testId="d53c23bd-c3db-48d3-56fa-aec315209313" executionId="0695c8b8-4c10-47c7-a10a-9b5b941c76d9" testListId="8c84fa94-04c1-424b-9868-57a2d4851a1d" />
    <TestEntry testId="e3a5d2b2-7e7b-8adf-f47b-48c284782eca" executionId="cd0e11ba-78b6-4405-acbf-4a3a41989be0" testListId="8c84fa94-04c1-424b-9868-57a2d4851a1d" />
    <TestEntry testId="e69f4d91-862d-4c1f-8ce8-ac18c91b1046" executionId="185f0c8e-cfc7-427b-a736-b9c0f27c0365" testListId="8c84fa94-04c1-424b-9868-57a2d4851a1d" />
    <TestEntry testId="ea37382a-e229-0f26-f638-61865c6375fb" executionId="f1246215-ce37-4ec4-96ae-50e1f1646e0b" testListId="8c84fa94-04c1-424b-9868-57a2d4851a1d" />
    <TestEntry testId="f410da72-b70b-fdf1-23b3-19d130f30e63" executionId="402d13eb-f9b3-4cae-a38c-d14a63bf3576" testListId="8c84fa94-04c1-424b-9868-57a2d4851a1d" />
  </TestEntries>
  <Results>
    <UnitTestResult executionId="ad0c7a0d-c003-4ab1-aed8-5cff766f61d5" testId="08761f86-e384-fad5-7621-96b310268d95" testName="SetUp" computerName="KRIS_HE-PC" duration="00:00:00.0297514" startTime="2012-04-19T23:17:24.6787109+08:00" endTime="2012-04-19T23:17:25.7246093+08:00" testType="13cdc9d9-ddb5-4fa4-a97d-d965ccfc6d4b" outcome="Passed" testListId="8c84fa94-04c1-424b-9868-57a2d4851a1d" relativeResultsDirectory="ad0c7a0d-c003-4ab1-aed8-5cff766f61d5">
    </UnitTestResult>
    <UnitTestResult executionId="403e10e8-1b0c-424f-b839-5bc66e749075" testId="49c2cf70-c55b-6fe1-0748-e24b3fac3b18" testName="TestSimpleSpare" computerName="KRIS_HE-PC" duration="00:00:00.0042025" startTime="2012-04-19T23:17:25.7861328+08:00" endTime="2012-04-19T23:17:25.8134765+08:00" testType="13cdc9d9-ddb5-4fa4-a97d-d965ccfc6d4b" outcome="Passed" testListId="8c84fa94-04c1-424b-9868-57a2d4851a1d" relativeResultsDirectory="403e10e8-1b0c-424f-b839-5bc66e749075">
    </UnitTestResult>
    <UnitTestResult executionId="b50f0498-3cb1-4985-a329-b9c3916680e1" testId="4a71f6df-a40d-72ce-b695-3152fe11c7e6" testName="TestSampleGame" computerName="KRIS_HE-PC" duration="00:00:00.0352211" startTime="2012-04-19T23:17:25.8828125+08:00" endTime="2012-04-19T23:17:26.0214843+08:00" testType="13cdc9d9-ddb5-4fa4-a97d-d965ccfc6d4b" outcome="Passed" testListId="8c84fa94-04c1-424b-9868-57a2d4851a1d" relativeResultsDirectory="b50f0498-3cb1-4985-a329-b9c3916680e1">
    </UnitTestResult>
    <UnitTestResult executionId="cce987e9-a04c-4017-8a4c-8d8f69384ae1" testId="560cf12a-b6af-52af-1b55-0b7afd85ec3f" testName="TestHeartBreak" computerName="KRIS_HE-PC" duration="00:00:00.1399917" startTime="2012-04-19T23:17:26.0537109+08:00" endTime="2012-04-19T23:17:26.2128906+08:00" testType="13cdc9d9-ddb5-4fa4-a97d-d965ccfc6d4b" outcome="Failed" testListId="8c84fa94-04c1-424b-9868-57a2d4851a1d" relativeResultsDirectory="cce987e9-a04c-4017-8a4c-8d8f69384ae1">
      <Output>
        <ErrorInfo>
          <Message>Assert.AreEqual 失败。应为: &lt;299&gt;，实际为: &lt;99&gt;。</Message>
          <StackTrace>   在 BowlingGameTest.GameTest.TestHeartBreak() 位置 D:\0A学习\敏捷开发\BowlingGameTest\BowlingGameTest\GameTest.cs:行号 137
</StackTrace>
        </ErrorInfo>
      </Output>
    </UnitTestResult>
    <UnitTestResult executionId="82031536-8a57-4592-bf1b-7825062f8e59" testId="a51fe5dc-4b6f-f220-54b6-19337e28f5e4" testName="TestSimpleStrike" computerName="KRIS_HE-PC" duration="00:00:00.0017346" startTime="2012-04-19T23:17:26.2724609+08:00" endTime="2012-04-19T23:17:26.3095703+08:00" testType="13cdc9d9-ddb5-4fa4-a97d-d965ccfc6d4b" outcome="Passed" testListId="8c84fa94-04c1-424b-9868-57a2d4851a1d" relativeResultsDirectory="82031536-8a57-4592-bf1b-7825062f8e59">
    </UnitTestResult>
    <UnitTestResult executionId="80ddf31f-d00d-4c46-8a7f-ca4608be3dc1" testId="cdf8eefe-12a3-d707-3154-f2165fcb988e" testName="TestEndOfArray" computerName="KRIS_HE-PC" duration="00:00:00.0143964" startTime="2012-04-19T23:17:26.3369140+08:00" endTime="2012-04-19T23:17:26.3837890+08:00" testType="13cdc9d9-ddb5-4fa4-a97d-d965ccfc6d4b" outcome="Passed" testListId="8c84fa94-04c1-424b-9868-57a2d4851a1d" relativeResultsDirectory="80ddf31f-d00d-4c46-8a7f-ca4608be3dc1">
    </UnitTestResult>
    <UnitTestResult executionId="0695c8b8-4c10-47c7-a10a-9b5b941c76d9" testId="d53c23bd-c3db-48d3-56fa-aec315209313" testName="TestPerfectGame" computerName="KRIS_HE-PC" duration="00:00:00.0125353" startTime="2012-04-19T23:17:26.4306640+08:00" endTime="2012-04-19T23:17:26.4794921+08:00" testType="13cdc9d9-ddb5-4fa4-a97d-d965ccfc6d4b" outcome="Passed" testListId="8c84fa94-04c1-424b-9868-57a2d4851a1d" relativeResultsDirectory="0695c8b8-4c10-47c7-a10a-9b5b941c76d9">
    </UnitTestResult>
    <UnitTestResult executionId="cd0e11ba-78b6-4405-acbf-4a3a41989be0" testId="e3a5d2b2-7e7b-8adf-f47b-48c284782eca" testName="TestTenthFrameSpare" computerName="KRIS_HE-PC" duration="00:00:00.0103916" startTime="2012-04-19T23:17:26.4960937+08:00" endTime="2012-04-19T23:17:26.5527343+08:00" testType="13cdc9d9-ddb5-4fa4-a97d-d965ccfc6d4b" outcome="Failed" testListId="8c84fa94-04c1-424b-9868-57a2d4851a1d" relativeResultsDirectory="cd0e11ba-78b6-4405-acbf-4a3a41989be0">
      <Output>
        <ErrorInfo>
          <Message>Assert.AreEqual 失败。应为: &lt;270&gt;，实际为: &lt;12&gt;。</Message>
          <StackTrace>   在 BowlingGameTest.GameTest.TestTenthFrameSpare() 位置 D:\0A学习\敏捷开发\BowlingGameTest\BowlingGameTest\GameTest.cs:行号 149
</StackTrace>
        </ErrorInfo>
      </Output>
    </UnitTestResult>
    <UnitTestResult executionId="185f0c8e-cfc7-427b-a736-b9c0f27c0365" testId="e69f4d91-862d-4c1f-8ce8-ac18c91b1046" testName="TestFourThrowsNoMark" computerName="KRIS_HE-PC" duration="00:00:00.0006184" startTime="2012-04-19T23:17:26.5644531+08:00" endTime="2012-04-19T23:17:26.5771484+08:00" testType="13cdc9d9-ddb5-4fa4-a97d-d965ccfc6d4b" outcome="Passed" testListId="8c84fa94-04c1-424b-9868-57a2d4851a1d" relativeResultsDirectory="185f0c8e-cfc7-427b-a736-b9c0f27c0365">
    </UnitTestResult>
    <UnitTestResult executionId="f1246215-ce37-4ec4-96ae-50e1f1646e0b" testId="ea37382a-e229-0f26-f638-61865c6375fb" testName="TestSimpleFrameAfterSpare" computerName="KRIS_HE-PC" duration="00:00:00.0005314" startTime="2012-04-19T23:17:26.6240234+08:00" endTime="2012-04-19T23:17:26.6542968+08:00" testType="13cdc9d9-ddb5-4fa4-a97d-d965ccfc6d4b" outcome="Passed" testListId="8c84fa94-04c1-424b-9868-57a2d4851a1d" relativeResultsDirectory="f1246215-ce37-4ec4-96ae-50e1f1646e0b">
    </UnitTestResult>
    <UnitTestResult executionId="402d13eb-f9b3-4cae-a38c-d14a63bf3576" testId="f410da72-b70b-fdf1-23b3-19d130f30e63" testName="TestTwoThrowsNoMark" computerName="KRIS_HE-PC" duration="00:00:00.0003010" startTime="2012-04-19T23:17:26.6767578+08:00" endTime="2012-04-19T23:17:26.6904296+08:00" testType="13cdc9d9-ddb5-4fa4-a97d-d965ccfc6d4b" outcome="Passed" testListId="8c84fa94-04c1-424b-9868-57a2d4851a1d" relativeResultsDirectory="402d13eb-f9b3-4cae-a38c-d14a63bf3576">
    </UnitTestResult>
  </Results>
</TestRun>